<?xml version="1.0" encoding="utf-8"?>
<testsuites>
    <testsuite name="Hello_World" errors="1" failures="1" skipped="2" tests="9" time="0.357" timestamp="2021-03-27T19:41:30.980620" hostname="aumoraes">
        <testcase classname="tests.unit.test_hello.TestMainClass" name="test_capital_case" file="tests\unit\test_hello.py" line="5" time="0.004" />
        <testcase classname="tests.unit.test_hello.TestMainClass" name="test_raises_exception_on_non_string_arguments" file="tests\unit\test_hello.py" line="8" time="0.002" />
        <testcase classname="tests.unit.test_hello.TestMainClass" name="test_create_file" file="tests\unit\test_hello.py" line="14" time="0.016" />
        <testcase classname="tests.unit.test_hello" name="test_ok" file="tests\unit\test_hello.py" line="27" time="0.002" />
        <testcase classname="tests.unit.test_hello" name="test_fail" file="tests\unit\test_hello.py" line="31" time="0.004">
            <failure message="assert 0">def test_fail():
&gt;       assert 0
E       assert 0

tests\unit\test_hello.py:33: AssertionError</failure>
        </testcase>
        <testcase classname="tests.unit.test_hello" name="test_error" file="tests\unit\test_hello.py" line="35" time="0.001">
            <error message="failed on setup with &quot;assert 0&quot;">@pytest.fixture
    def error_fixture():
&gt;       assert 0
E       assert 0

tests\unit\test_hello.py:25: AssertionError</error>
        </testcase>
        <testcase classname="tests.unit.test_hello" name="test_skip" file="tests\unit\test_hello.py" line="39" time="0.002">
            <skipped type="pytest.skip" message="skipping this test">c:\Users\aumoraes\workspace\python\hello-world\tests\unit\test_hello.py:41: skipping this test</skipped>
        </testcase>
        <testcase classname="tests.unit.test_hello" name="test_xfail" file="tests\unit\test_hello.py" line="43" time="0.001">
            <skipped type="pytest.xfail" message="xfailing this test" />
        </testcase>
        <testcase classname="tests.unit.test_hello" name="test_xpass" file="tests\unit\test_hello.py" line="47" time="0.001" />
    </testsuite>
</testsuites>